<?xml version="1.0" encoding="UTF-8"?>
<beans xmlns="http://www.springframework.org/schema/beans"
       xmlns:xsi="http://www.w3.org/2001/XMLSchema-instance"
       xmlns:aop="http://www.springframework.org/schema/aop"
       xsi:schemaLocation="http://www.springframework.org/schema/beans
                            http://www.springframework.org/schema/beans/spring-beans.xsd
                            http://www.springframework.org/schema/aop
                            http://www.springframework.org/schema/aop/spring-aop-3.0.xsd"
>


    <!--Database-->
    <bean class="org.springframework.jdbc.datasource.SimpleDriverDataSource" id="dataSource">
        <property name="driverClass" value="com.mysql.jdbc.Driver"/>
        <property name="url" value="jdbc:mysql://localhost/spring"/>
        <property name="password" value="1234"/>
        <property name="username" value="root"/>
    </bean>


    <bean class="org.springframework.jdbc.datasource.DataSourceTransactionManager" id="transactionManager">
        <property name="dataSource" ref="dataSource"/>
    </bean>

    <!--Db Controller-->
    <bean id="userDao" class="Toby.MainBuild.Dao.UserDaoJdbc">
        <property name="dataSource" ref="dataSource"/>
    </bean>


    <!--User Service-->
    <bean id="userService" class="Toby.MainBuild.Service.UserServiceImpl" >
        <property name="userDao" ref="userDao"/>
        <property name="upgradePolicy" ref="userLevelUpgradePolicy"/>
    </bean>

    <bean id="testUserService" class="Toby.MainBuild.Service.TestUserServiceImpl">
        <property name="userDao" ref="userDao"/>
        <property name="upgradePolicy" ref="userLevelUpgradePolicy"/>
    </bean>

    <bean id="userLevelUpgradePolicy" class="Toby.MainBuild.Service.UserLevelUpgradePolicy.EventPeriod" >
        <property name="userDao" ref="userDao"/>
    </bean>


    <!--Transaction -->
    <aop:config>
        <aop:pointcut id="transactionPointcut" expression="execution(* *..*ServiceImpl.upgrade*(..)))"/>
        <aop:advisor advice-ref="transactionAdvice" pointcut-ref="transactionPointcut"/>
    </aop:config>

    <!-- 적용할 어드바이스 -->
    <bean id="transactionAdvice" class="Toby.MainBuild.Advisor.TransactionAdvice">
        <property name="transactionManager" ref="transactionManager"/>
    </bean>

    
</beans>