<?xml version="1.0" encoding="UTF-8"?>
<beans xmlns="http://www.springframework.org/schema/beans"
       xmlns:xsi="http://www.w3.org/2001/XMLSchema-instance"
       xsi:schemaLocation="http://www.springframework.org/schema/beans http://www.springframework.org/schema/beans/spring-beans.xsd">


    <!--Database-->
    <bean class="org.springframework.jdbc.datasource.SimpleDriverDataSource" id="dataSource">
        <property name="driverClass" value="com.mysql.jdbc.Driver"/>
        <property name="url" value="jdbc:mysql://localhost/spring"/>
        <property name="password" value="1234"/>
        <property name="username" value="root"/>
    </bean>


    <bean class="org.springframework.jdbc.datasource.DataSourceTransactionManager" id="transactionManager">
        <property name="dataSource" ref="dataSource"/>
    </bean>

    <!--Db Controller-->
    <bean id="userDao" class="Toby.Dao.UserDaoJdbc">
        <property name="dataSource" ref="dataSource"/>
    </bean>


    <!--User Service-->
    <bean id="userService" class="Toby.Service.UserServiceImpl" >
        <property name="userDao" ref="userDao"/>
        <property name="upgradePolicy" ref="userLevelUpgradePolicy"/>
    </bean>

    <bean id="testUserService" class="Toby.Service.TestUserServiceImpl">
        <property name="userDao" ref="userDao"/>
        <property name="upgradePolicy" ref="userLevelUpgradePolicy"/>
    </bean>

    <bean id="userLevelUpgradePolicy" class="Toby.Service.UserLevelUpgradePolicy.EventPeriod" >
        <property name="userDao" ref="userDao"/>
    </bean>




    <!--Transaction -->
    <bean class="org.springframework.aop.framework.autoproxy.DefaultAdvisorAutoProxyCreator"/>

    <bean id="transactionPointcut" class="Toby.Advisor.NameMatchClassMethodPointcut">
        <property name="mappedClassName" value="*ServiceImpl"/>
        <property name="mappedName" value="upgrade*"/>
    </bean>


    <bean id="transactionAdvice" class="Toby.Advisor.TransactionAdvice">
        <property name="transactionManager" ref="transactionManager"/>
    </bean>

    <bean id="transactionAdvisor" class="org.springframework.aop.support.DefaultPointcutAdvisor">
        <property name="pointcut" ref="transactionPointcut"/>
        <property name="advice" ref="transactionAdvice"/>
    </bean>


</beans>